<?xml version="1.0" encoding="UTF-8"?>
<!-- Generated by org.testng.reporters.JUnitXMLReporter -->
<testsuite ignored="0" hostname="DESKTOP-5NE9LR9" failures="0" tests="4" name="Default test" time="259.807" errors="0" timestamp="01 Jun 2020 07:00:06 GMT">
  <testcase classname="com.testCases.VerifyLogIn" name="testRunner" time="2.821"/>
  <testcase classname="com.testCases.VerifyLogIn" name="testRunner" time="0.863"/>
  <testcase classname="com.testCases.VerifyLogIn" name="testRunner" time="0.873"/>
  <testcase classname="com.testCases.VerifyLogIn" name="testRunner" time="1.39"/>
</testsuite> <!-- Default test -->
