<?xml version="1.0" encoding="UTF-8"?>
<!-- Generated by org.testng.reporters.JUnitXMLReporter -->
<testsuite ignored="0" hostname="DESKTOP-5NE9LR9" failures="0" tests="4" name="Default test" time="42.143" errors="0" timestamp="02 Jun 2020 02:56:38 GMT">
  <testcase classname="com.testCases.VerifyLogIn" name="testRunner" time="3.253"/>
  <testcase classname="com.testCases.VerifyLogIn" name="testRunner" time="2.939"/>
  <testcase classname="com.testCases.VerifyLogIn" name="testRunner" time="0.583"/>
  <testcase classname="com.testCases.VerifyLogIn" name="testRunner" time="1.556"/>
</testsuite> <!-- Default test -->
