<?xml version="1.0" encoding="UTF-8"?>
<testng-results ignored="0" total="4" passed="4" failed="0" skipped="0">
  <reporter-output>
  </reporter-output>
  <suite started-at="2020-06-01T06:55:46Z" name="Default suite" finished-at="2020-06-01T07:00:06Z" duration-ms="259807">
    <groups>
    </groups>
    <test started-at="2020-06-01T06:55:46Z" name="Default test" finished-at="2020-06-01T07:00:06Z" duration-ms="259807">
      <class name="com.testCases.VerifyLogIn">
        <test-method is-config="true" signature="setUp()[pri:0, instance:com.testCases.VerifyLogIn@31304f14]" started-at="2020-06-01T06:55:46Z" name="setUp" finished-at="2020-06-01T06:55:53Z" duration-ms="6966" status="PASS">
          <reporter-output>
          </reporter-output>
        </test-method> <!-- setUp -->
        <test-method is-config="true" signature="setup()[pri:0, instance:com.testCases.VerifyLogIn@31304f14]" started-at="2020-06-01T06:55:54Z" name="setup" finished-at="2020-06-01T06:56:11Z" duration-ms="17328" status="PASS">
          <reporter-output>
          </reporter-output>
        </test-method> <!-- setup -->
        <test-method signature="testRunner(java.lang.String, java.lang.String)[pri:0, instance:com.testCases.VerifyLogIn@31304f14]" started-at="2020-06-01T06:56:11Z" name="testRunner" data-provider="Authentication" finished-at="2020-06-01T06:56:14Z" duration-ms="2821" status="PASS">
          <params>
            <param index="0">
              <value>
                <![CDATA[mngr262644]]>
              </value>
            </param>
            <param index="1">
              <value>
                <![CDATA[Ahudume]]>
              </value>
            </param>
          </params>
          <reporter-output>
          </reporter-output>
        </test-method> <!-- testRunner -->
        <test-method is-config="true" signature="tearDown()[pri:0, instance:com.testCases.VerifyLogIn@31304f14]" started-at="2020-06-01T06:56:14Z" name="tearDown" finished-at="2020-06-01T06:56:14Z" duration-ms="0" status="PASS">
          <reporter-output>
          </reporter-output>
        </test-method> <!-- tearDown -->
        <test-method is-config="true" signature="setup()[pri:0, instance:com.testCases.VerifyLogIn@31304f14]" started-at="2020-06-01T06:56:14Z" name="setup" finished-at="2020-06-01T06:56:51Z" duration-ms="37477" status="PASS">
          <reporter-output>
          </reporter-output>
        </test-method> <!-- setup -->
        <test-method signature="testRunner(java.lang.String, java.lang.String)[pri:0, instance:com.testCases.VerifyLogIn@31304f14]" started-at="2020-06-01T06:56:51Z" name="testRunner" data-provider="Authentication" finished-at="2020-06-01T06:56:52Z" duration-ms="863" status="PASS">
          <params>
            <param index="0">
              <value>
                <![CDATA[invalid]]>
              </value>
            </param>
            <param index="1">
              <value>
                <![CDATA[valid]]>
              </value>
            </param>
          </params>
          <reporter-output>
          </reporter-output>
        </test-method> <!-- testRunner -->
        <test-method is-config="true" signature="tearDown()[pri:0, instance:com.testCases.VerifyLogIn@31304f14]" started-at="2020-06-01T06:56:52Z" name="tearDown" finished-at="2020-06-01T06:56:52Z" duration-ms="0" status="PASS">
          <reporter-output>
          </reporter-output>
        </test-method> <!-- tearDown -->
        <test-method is-config="true" signature="setup()[pri:0, instance:com.testCases.VerifyLogIn@31304f14]" started-at="2020-06-01T06:56:52Z" name="setup" finished-at="2020-06-01T06:58:07Z" duration-ms="75265" status="PASS">
          <reporter-output>
          </reporter-output>
        </test-method> <!-- setup -->
        <test-method signature="testRunner(java.lang.String, java.lang.String)[pri:0, instance:com.testCases.VerifyLogIn@31304f14]" started-at="2020-06-01T06:58:07Z" name="testRunner" data-provider="Authentication" finished-at="2020-06-01T06:58:08Z" duration-ms="873" status="PASS">
          <params>
            <param index="0">
              <value>
                <![CDATA[valid]]>
              </value>
            </param>
            <param index="1">
              <value>
                <![CDATA[invalid]]>
              </value>
            </param>
          </params>
          <reporter-output>
          </reporter-output>
        </test-method> <!-- testRunner -->
        <test-method is-config="true" signature="setup()[pri:0, instance:com.testCases.VerifyLogIn@31304f14]" started-at="2020-06-01T06:58:08Z" name="setup" finished-at="2020-06-01T07:00:01Z" duration-ms="113098" status="PASS">
          <reporter-output>
          </reporter-output>
        </test-method> <!-- setup -->
        <test-method is-config="true" signature="tearDown()[pri:0, instance:com.testCases.VerifyLogIn@31304f14]" started-at="2020-06-01T06:58:08Z" name="tearDown" finished-at="2020-06-01T06:58:08Z" duration-ms="0" status="PASS">
          <reporter-output>
          </reporter-output>
        </test-method> <!-- tearDown -->
        <test-method signature="testRunner(java.lang.String, java.lang.String)[pri:0, instance:com.testCases.VerifyLogIn@31304f14]" started-at="2020-06-01T07:00:01Z" name="testRunner" data-provider="Authentication" finished-at="2020-06-01T07:00:03Z" duration-ms="1390" status="PASS">
          <params>
            <param index="0">
              <value>
                <![CDATA[invalid]]>
              </value>
            </param>
            <param index="1">
              <value>
                <![CDATA[invalid]]>
              </value>
            </param>
          </params>
          <reporter-output>
          </reporter-output>
        </test-method> <!-- testRunner -->
        <test-method is-config="true" signature="tearDown()[pri:0, instance:com.testCases.VerifyLogIn@31304f14]" started-at="2020-06-01T07:00:03Z" name="tearDown" finished-at="2020-06-01T07:00:03Z" duration-ms="0" status="PASS">
          <reporter-output>
          </reporter-output>
        </test-method> <!-- tearDown -->
        <test-method is-config="true" signature="closeBrowser()[pri:0, instance:com.testCases.VerifyLogIn@31304f14]" started-at="2020-06-01T07:00:03Z" name="closeBrowser" finished-at="2020-06-01T07:00:06Z" duration-ms="3054" status="PASS">
          <reporter-output>
          </reporter-output>
        </test-method> <!-- closeBrowser -->
      </class> <!-- com.testCases.VerifyLogIn -->
    </test> <!-- Default test -->
  </suite> <!-- Default suite -->
</testng-results>
