<?xml version="1.0" encoding="UTF-8"?>
<testng-results ignored="0" total="4" passed="4" failed="0" skipped="0">
  <reporter-output>
  </reporter-output>
  <suite started-at="2020-06-08T02:11:09Z" name="Default suite" finished-at="2020-06-08T02:11:46Z" duration-ms="36426">
    <groups>
    </groups>
    <test started-at="2020-06-08T02:11:09Z" name="Default test" finished-at="2020-06-08T02:11:46Z" duration-ms="36426">
      <class name="com.testCases.VerifyLogIn">
        <test-method is-config="true" signature="setUp()[pri:0, instance:com.testCases.VerifyLogIn@459e9125]" started-at="2020-06-08T02:11:09Z" name="setUp" finished-at="2020-06-08T02:11:16Z" duration-ms="6405" status="PASS">
          <reporter-output>
          </reporter-output>
        </test-method> <!-- setUp -->
        <test-method is-config="true" signature="setup()[pri:0, instance:com.testCases.VerifyLogIn@459e9125]" started-at="2020-06-08T02:11:16Z" name="setup" finished-at="2020-06-08T02:11:21Z" duration-ms="5073" status="PASS">
          <reporter-output>
          </reporter-output>
        </test-method> <!-- setup -->
        <test-method signature="testRunner(java.lang.String, java.lang.String)[pri:0, instance:com.testCases.VerifyLogIn@459e9125]" started-at="2020-06-08T02:11:21Z" name="testRunner" data-provider="Authentication" finished-at="2020-06-08T02:11:23Z" duration-ms="1594" status="PASS">
          <params>
            <param index="0">
              <value>
                <![CDATA[mngr262644]]>
              </value>
            </param>
            <param index="1">
              <value>
                <![CDATA[Ahudume]]>
              </value>
            </param>
          </params>
          <reporter-output>
          </reporter-output>
        </test-method> <!-- testRunner -->
        <test-method is-config="true" signature="teardown()[pri:0, instance:com.testCases.VerifyLogIn@459e9125]" started-at="2020-06-08T02:11:23Z" name="teardown" finished-at="2020-06-08T02:11:24Z" duration-ms="703" status="PASS">
          <reporter-output>
          </reporter-output>
        </test-method> <!-- teardown -->
        <test-method is-config="true" signature="setup()[pri:0, instance:com.testCases.VerifyLogIn@459e9125]" started-at="2020-06-08T02:11:24Z" name="setup" finished-at="2020-06-08T02:11:28Z" duration-ms="4640" status="PASS">
          <reporter-output>
          </reporter-output>
        </test-method> <!-- setup -->
        <test-method signature="testRunner(java.lang.String, java.lang.String)[pri:0, instance:com.testCases.VerifyLogIn@459e9125]" started-at="2020-06-08T02:11:28Z" name="testRunner" data-provider="Authentication" finished-at="2020-06-08T02:11:30Z" duration-ms="1575" status="PASS">
          <params>
            <param index="0">
              <value>
                <![CDATA[invalid]]>
              </value>
            </param>
            <param index="1">
              <value>
                <![CDATA[valid]]>
              </value>
            </param>
          </params>
          <reporter-output>
          </reporter-output>
        </test-method> <!-- testRunner -->
        <test-method is-config="true" signature="teardown()[pri:0, instance:com.testCases.VerifyLogIn@459e9125]" started-at="2020-06-08T02:11:30Z" name="teardown" finished-at="2020-06-08T02:11:31Z" duration-ms="691" status="PASS">
          <reporter-output>
          </reporter-output>
        </test-method> <!-- teardown -->
        <test-method is-config="true" signature="setup()[pri:0, instance:com.testCases.VerifyLogIn@459e9125]" started-at="2020-06-08T02:11:31Z" name="setup" finished-at="2020-06-08T02:11:35Z" duration-ms="4818" status="PASS">
          <reporter-output>
          </reporter-output>
        </test-method> <!-- setup -->
        <test-method signature="testRunner(java.lang.String, java.lang.String)[pri:0, instance:com.testCases.VerifyLogIn@459e9125]" started-at="2020-06-08T02:11:35Z" name="testRunner" data-provider="Authentication" finished-at="2020-06-08T02:11:37Z" duration-ms="1459" status="PASS">
          <params>
            <param index="0">
              <value>
                <![CDATA[valid]]>
              </value>
            </param>
            <param index="1">
              <value>
                <![CDATA[invalid]]>
              </value>
            </param>
          </params>
          <reporter-output>
          </reporter-output>
        </test-method> <!-- testRunner -->
        <test-method is-config="true" signature="teardown()[pri:0, instance:com.testCases.VerifyLogIn@459e9125]" started-at="2020-06-08T02:11:37Z" name="teardown" finished-at="2020-06-08T02:11:38Z" duration-ms="648" status="PASS">
          <reporter-output>
          </reporter-output>
        </test-method> <!-- teardown -->
        <test-method is-config="true" signature="setup()[pri:0, instance:com.testCases.VerifyLogIn@459e9125]" started-at="2020-06-08T02:11:38Z" name="setup" finished-at="2020-06-08T02:11:42Z" duration-ms="4706" status="PASS">
          <reporter-output>
          </reporter-output>
        </test-method> <!-- setup -->
        <test-method signature="testRunner(java.lang.String, java.lang.String)[pri:0, instance:com.testCases.VerifyLogIn@459e9125]" started-at="2020-06-08T02:11:42Z" name="testRunner" data-provider="Authentication" finished-at="2020-06-08T02:11:44Z" duration-ms="2179" status="PASS">
          <params>
            <param index="0">
              <value>
                <![CDATA[invalid]]>
              </value>
            </param>
            <param index="1">
              <value>
                <![CDATA[invalid]]>
              </value>
            </param>
          </params>
          <reporter-output>
          </reporter-output>
        </test-method> <!-- testRunner -->
        <test-method is-config="true" signature="teardown()[pri:0, instance:com.testCases.VerifyLogIn@459e9125]" started-at="2020-06-08T02:11:44Z" name="teardown" finished-at="2020-06-08T02:11:46Z" duration-ms="1189" status="PASS">
          <reporter-output>
          </reporter-output>
        </test-method> <!-- teardown -->
        <test-method is-config="true" signature="closeBrowser()[pri:0, instance:com.testCases.VerifyLogIn@459e9125]" started-at="2020-06-08T02:11:46Z" name="closeBrowser" finished-at="2020-06-08T02:11:46Z" duration-ms="0" status="PASS">
          <reporter-output>
          </reporter-output>
        </test-method> <!-- closeBrowser -->
      </class> <!-- com.testCases.VerifyLogIn -->
    </test> <!-- Default test -->
  </suite> <!-- Default suite -->
</testng-results>
